<?xml version="1.0" encoding="UTF-8"?>
<testsuite xmlns:xsi="http://www.w3.org/2001/XMLSchema-instance" xsi:noNamespaceSchemaLocation="https://maven.apache.org/surefire/maven-surefire-plugin/xsd/surefire-test-report.xsd" version="3.0.2" name="com.mca.demo.DemoApplicationTests" time="6.515" tests="1" errors="0" skipped="0" failures="0" flakes="0">
  <properties>
[...]
</properties>
  <testcase name="contextLoads" classname="com.mca.demo.DemoApplicationTests" time="1.809">
    <system-out><![CDATA[10:18:40.022 [main] INFO org.springframework.test.context.support.AnnotationConfigContextLoaderUtils -- Could not detect default configuration classes for test class [com.mca.demo.DemoApplicationTests]: DemoApplicationTests does not declare any static, non-private, non-final, nested classes annotated with @Configuration.
10:18:40.301 [main] INFO org.springframework.boot.test.context.SpringBootTestContextBootstrapper -- Found @SpringBootConfiguration com.mca.demo.DemoApplication for test class com.mca.demo.DemoApplicationTests
10:18:40.566 [main] INFO org.springframework.test.context.support.AnnotationConfigContextLoaderUtils -- Could not detect default configuration classes for test class [com.mca.demo.DemoApplicationTests]: DemoApplicationTests does not declare any static, non-private, non-final, nested classes annotated with @Configuration.
10:18:40.566 [main] INFO org.springframework.boot.test.context.SpringBootTestContextBootstrapper -- Found @SpringBootConfiguration com.mca.demo.DemoApplication for test class com.mca.demo.DemoApplicationTests
10:18:40.759 [main] INFO org.springframework.boot.devtools.restart.RestartApplicationListener -- Restart disabled due to context in which it is running

  .   ____          _            __ _ _
 /\\ / ___'_ __ _ _(_)_ __  __ _ \ \ \ \
( ( )\___ | '_ | '_| | '_ \/ _` | \ \ \ \
 \\/  ___)| |_)| | | | | || (_| |  ) ) ) )
  '  |____| .__|_| |_|_| |_\__, | / / / /
 =========|_|==============|___/=/_/_/_/

 :: Spring Boot ::                (v4.1.0)

2026-07-12T10:18:41.471+05:30  INFO 10476 --- [demo] [           main] com.mca.demo.DemoApplicationTests        : Starting DemoApplicationTests using Java 17.0.12 with PID 10476 (started by HP in C:\Users\HP\Downloads\demo)
2026-07-12T10:18:41.471+05:30  INFO 10476 --- [demo] [           main] com.mca.demo.DemoApplicationTests        : No active profile set, falling back to 1 default profile: "default"
2026-07-12T10:18:44.127+05:30  INFO 10476 --- [demo] [           main] com.mca.demo.DemoApplicationTests        : Started DemoApplicationTests in 3.391 seconds (process running for 6.515)
]]></system-out>
  </testcase>
</testsuite>